[15:59:10] Autosync version 2026-07-10.1
[15:59:10] Autosync started on branch 'main'.
[15:59:10] Keep this window open on both PCs.
[15:59:10] Skipping pull because this PC has local changes waiting to be published.
[15:59:10] Skipping pull because this PC has local changes waiting to be published.
[15:59:17] Publishing local changes...
[15:59:22] Changes pushed and available to the other PC.
[15:59:25] Skipping pull because this PC has local changes waiting to be published.
[15:59:31] Publishing local changes...
[15:59:39] Changes pushed and available to the other PC.
[15:59:42] Skipping pull because this PC has local changes waiting to be published.
[15:59:48] Publishing local changes...
[15:59:54] Changes pushed and available to the other PC.
[15:59:57] Skipping pull because this PC has local changes waiting to be published.
[16:00:03] Publishing local changes...
[16:00:17] Changes pushed and available to the other PC.
[16:00:19] Skipping pull because this PC has local changes waiting to be published.
[16:00:26] Publishing local changes...
[16:00:32] Changes pushed and available to the other PC.
[16:00:35] Skipping pull because this PC has local changes waiting to be published.
[16:00:41] Publishing local changes...
